<?xml version="1.0" encoding="UTF-8"?>
<!-- Generated by org.testng.reporters.JUnitReportReporter -->
<testsuite skipped="0" hostname="DESKTOP-PHQB903" name="com.mindtree.testrunner.BigSmallApplication" tests="12" failures="0" timestamp="26 Nov 2021 12:56:15 GMT" time="267.643" errors="1">
  <testcase name="testcase1" time="24.063" classname="com.mindtree.testrunner.BigSmallApplication"/>
  <testcase name="testcase2" time="16.466" classname="com.mindtree.testrunner.BigSmallApplication"/>
  <testcase name="testcase3" time="27.694" classname="com.mindtree.testrunner.BigSmallApplication"/>
  <testcase name="testcase4" time="17.579" classname="com.mindtree.testrunner.BigSmallApplication"/>
  <testcase name="testcase5" time="15.152" classname="com.mindtree.testrunner.BigSmallApplication"/>
  <testcase name="testcase6" time="25.779" classname="com.mindtree.testrunner.BigSmallApplication">
    <error type="org.openqa.selenium.NoSuchElementException" message="Cannot locate an element using xpath=//div[@class=&#039;recaptcha-checkbox-border&#039;]
For documentation on this error, please visit: https://www.seleniumhq.org/exceptions/no_such_element.html
Build info: version: &#039;3.141.59&#039;, revision: &#039;e82be7d358&#039;, time: &#039;2018-11-14T08:17:03&#039;
System info: host: &#039;DESKTOP-PHQB903&#039;, ip: &#039;192.168.0.102&#039;, os.name: &#039;Windows 10&#039;, os.arch: &#039;x86&#039;, os.version: &#039;10.0&#039;, java.version: &#039;1.8.0_261&#039;
Driver info: driver.version: RemoteWebDriver">
      <![CDATA[org.openqa.selenium.NoSuchElementException: Cannot locate an element using xpath=//div[@class='recaptcha-checkbox-border']
For documentation on this error, please visit: https://www.seleniumhq.org/exceptions/no_such_element.html
Build info: version: '3.141.59', revision: 'e82be7d358', time: '2018-11-14T08:17:03'
System info: host: 'DESKTOP-PHQB903', ip: '192.168.0.102', os.name: 'Windows 10', os.arch: 'x86', os.version: '10.0', java.version: '1.8.0_261'
Driver info: driver.version: RemoteWebDriver
at org.openqa.selenium.remote.RemoteWebDriver.findElement(RemoteWebDriver.java:327)
at org.openqa.selenium.remote.RemoteWebDriver.findElementByXPath(RemoteWebDriver.java:428)
at org.openqa.selenium.By$ByXPath.findElement(By.java:353)
at org.openqa.selenium.remote.RemoteWebDriver.findElement(RemoteWebDriver.java:315)
at com.mindtree.pageobjects.RobotPage.getRobot(RobotPage.java:18)
at com.mindtree.testrunner.BigSmallApplication.testcase6(BigSmallApplication.java:245)
at sun.reflect.NativeMethodAccessorImpl.invoke0(Native Method)
at sun.reflect.NativeMethodAccessorImpl.invoke(Unknown Source)
at sun.reflect.DelegatingMethodAccessorImpl.invoke(Unknown Source)
at java.lang.reflect.Method.invoke(Unknown Source)
at org.testng.internal.MethodInvocationHelper.invokeMethod(MethodInvocationHelper.java:124)
at org.testng.internal.Invoker.invokeMethod(Invoker.java:583)
at org.testng.internal.Invoker.invokeTestMethod(Invoker.java:719)
at org.testng.internal.Invoker.invokeTestMethods(Invoker.java:989)
at org.testng.internal.TestMethodWorker.invokeTestMethods(TestMethodWorker.java:125)
at org.testng.internal.TestMethodWorker.run(TestMethodWorker.java:109)
at org.testng.TestRunner.privateRun(TestRunner.java:648)
at org.testng.TestRunner.run(TestRunner.java:505)
at org.testng.SuiteRunner.runTest(SuiteRunner.java:455)
at org.testng.SuiteRunner.runSequentially(SuiteRunner.java:450)
at org.testng.SuiteRunner.privateRun(SuiteRunner.java:415)
at org.testng.SuiteRunner.run(SuiteRunner.java:364)
at org.testng.SuiteRunnerWorker.runSuite(SuiteRunnerWorker.java:52)
at org.testng.SuiteRunnerWorker.run(SuiteRunnerWorker.java:84)
at org.testng.TestNG.runSuitesSequentially(TestNG.java:1208)
at org.testng.TestNG.runSuitesLocally(TestNG.java:1137)
at org.testng.TestNG.runSuites(TestNG.java:1049)
at org.testng.TestNG.run(TestNG.java:1017)
at org.testng.remote.AbstractRemoteTestNG.run(AbstractRemoteTestNG.java:115)
at org.testng.remote.RemoteTestNG.initAndRun(RemoteTestNG.java:251)
at org.testng.remote.RemoteTestNG.main(RemoteTestNG.java:77)
]]>
    </error>
  </testcase> <!-- testcase6 -->
  <testcase name="testcase7" time="19.395" classname="com.mindtree.testrunner.BigSmallApplication"/>
  <testcase name="testcase8" time="36.360" classname="com.mindtree.testrunner.BigSmallApplication"/>
  <testcase name="testcase9" time="24.383" classname="com.mindtree.testrunner.BigSmallApplication"/>
  <testcase name="testcase10" time="19.083" classname="com.mindtree.testrunner.BigSmallApplication"/>
  <testcase name="testcase11" time="24.198" classname="com.mindtree.testrunner.BigSmallApplication"/>
  <testcase name="testcase12" time="17.491" classname="com.mindtree.testrunner.BigSmallApplication"/>
</testsuite> <!-- com.mindtree.testrunner.BigSmallApplication -->
